{
  "0 debug pnpm:scope": {
    "selected": 1,
    "workspacePrefix": null
  },
  "1 error pnpm": {
    "message": {
      "errno": 2,
      "code": "ELIFECYCLE",
      "pkgid": "node-ts-battleship@0.0.1",
      "stage": "build",
      "script": "tsc -p server; tsc -p client",
      "pkgname": "node-ts-battleship"
    },
    "err": {
      "name": "Error",
      "message": "node-ts-battleship@0.0.1 build: `tsc -p server; tsc -p client`\nExit status 2",
      "code": "ELIFECYCLE",
      "stack": "Error: node-ts-battleship@0.0.1 build: `tsc -p server; tsc -p client`\nExit status 2\n    at EventEmitter.<anonymous> (/usr/local/lib/node_modules/pnpm/lib/node_modules/@zkochan/npm-lifecycle/index.js:302:16)\n    at EventEmitter.emit (events.js:210:5)\n    at ChildProcess.<anonymous> (/usr/local/lib/node_modules/pnpm/lib/node_modules/@zkochan/npm-lifecycle/lib/spawn.js:55:14)\n    at ChildProcess.emit (events.js:210:5)\n    at maybeClose (internal/child_process.js:1021:16)\n    at Process.ChildProcess._handle.onexit (internal/child_process.js:283:5)"
    }
  }
}